<?xml version="1.0" encoding="UTF-8"?>
<testsuite xmlns:xsi="http://www.w3.org/2001/XMLSchema-instance" xsi:noNamespaceSchemaLocation="https://maven.apache.org/surefire/maven-surefire-plugin/xsd/surefire-test-report-3.0.xsd" version="3.0" name="com.epam.todo.runner.TestRunner" time="23.938" tests="9" errors="0" skipped="0" failures="3">
  <properties>
[...]
</properties>
  <testcase name="SC01 - Submitting with both fields empty shows inline error messages" classname="EPMCDMETST-60027 Registered User: Inline form validation and accessible error messaging for Add Todo" time="3.354">
    <system-out><![CDATA[
@EPMCDMETST-60027 @smoke @validation
Scenario: SC01 - Submitting with both fields empty shows inline error messages          # src/test/resources/features/EPMCDMETST-60027-inline-validation.feature:16
  Given I am logged in as a registered user and viewing the todo dashboard              # com.epam.todo.steps.InlineValidationSteps.iAmLoggedInAsRegisteredUserAndViewingTheTodoDashboard()
  When I submit the Add Todo form with both fields empty                                # com.epam.todo.steps.InlineValidationSteps.iSubmitFormWithBothFieldsEmpty()
  Then the form is not submitted                                                        # com.epam.todo.steps.InlineValidationSteps.theFormIsNotSubmitted()
  And an inline error message "Task name is required." is shown for the task name field # com.epam.todo.steps.InlineValidationSteps.inlineErrorMessageIsShownForTaskNameField(java.lang.String)
  And an inline error message "Due date is required." is shown for the due date field   # com.epam.todo.steps.InlineValidationSteps.inlineErrorMessageIsShownForDueDateField(java.lang.String)
  And keyboard focus is moved to the first invalid field                                # com.epam.todo.steps.InlineValidationSteps.keyboardFocusIsMovedToFirstInvalidField()
]]></system-out>
    <system-err><![CDATA[SLF4J(W): No SLF4J providers were found.
SLF4J(W): Defaulting to no-operation (NOP) logger implementation
SLF4J(W): See https://www.slf4j.org/codes.html#noProviders for further details.
Aug 16, 2026 2:35:15 PM org.openqa.selenium.devtools.CdpVersionFinder findNearestMatch
WARNING: Unable to find CDP implementation matching 151
Aug 16, 2026 2:35:15 PM org.openqa.selenium.chromium.ChromiumDriver lambda$new$5
WARNING: Unable to find version of CDP to use for 151.0.7922.138. You may need to include a dependency on a specific version of the CDP using something similar to `org.seleniumhq.selenium:selenium-devtools-v86:4.18.1` where the version ("v86") matches the version of the chromium-based browser you're using and the version number of the artifact is the same as Selenium's.
]]></system-err>
  </testcase>
  <testcase name="SC02 - Submitting with only task name empty shows task name error" classname="EPMCDMETST-60027 Registered User: Inline form validation and accessible error messaging for Add Todo" time="2.33">
    <failure message="[Should be on the Todo Dashboard after login] &#10;Expecting value to be true but was false expected:&lt;[tru]e&gt; but was:&lt;[fals]e&gt;" type="org.junit.ComparisonFailure"><![CDATA[org.junit.ComparisonFailure: 
[Should be on the Todo Dashboard after login] 
Expecting value to be true but was false expected:<[tru]e> but was:<[fals]e>
	at java.base/jdk.internal.reflect.NativeConstructorAccessorImpl.newInstance0(Native Method)
	at java.base/jdk.internal.reflect.NativeConstructorAccessorImpl.newInstance(NativeConstructorAccessorImpl.java:77)
	at java.base/jdk.internal.reflect.DelegatingConstructorAccessorImpl.newInstance(DelegatingConstructorAccessorImpl.java:45)
	at java.base/java.lang.reflect.Constructor.newInstanceWithCaller(Constructor.java:500)
	at com.epam.todo.steps.InlineValidationSteps.iAmLoggedInAsRegisteredUserAndViewingTheTodoDashboard(InlineValidationSteps.java:52)
	at ✽.I am logged in as a registered user and viewing the todo dashboard(file:///C:/Users/MeghanaYalamanchali/codmieProjectCS/Meghana_CodeMie/selenium-tests/src/test/resources/features/EPMCDMETST-60027-inline-validation.feature:9)
]]></failure>
    <system-out><![CDATA[
@EPMCDMETST-60027 @validation
Scenario: SC02 - Submitting with only task name empty shows task name error             # src/test/resources/features/EPMCDMETST-60027-inline-validation.feature:24
  Given I am logged in as a registered user and viewing the todo dashboard              # com.epam.todo.steps.InlineValidationSteps.iAmLoggedInAsRegisteredUserAndViewingTheTodoDashboard()
      org.junit.ComparisonFailure: [Should be on the Todo Dashboard after login] 
Expecting value to be true but was false expected:<[tru]e> but was:<[fals]e>
	at java.base/jdk.internal.reflect.NativeConstructorAccessorImpl.newInstance0(Native Method)
	at java.base/jdk.internal.reflect.NativeConstructorAccessorImpl.newInstance(NativeConstructorAccessorImpl.java:77)
	at java.base/jdk.internal.reflect.DelegatingConstructorAccessorImpl.newInstance(DelegatingConstructorAccessorImpl.java:45)
	at java.base/java.lang.reflect.Constructor.newInstanceWithCaller(Constructor.java:500)
	at com.epam.todo.steps.InlineValidationSteps.iAmLoggedInAsRegisteredUserAndViewingTheTodoDashboard(InlineValidationSteps.java:52)
	at ✽.I am logged in as a registered user and viewing the todo dashboard(file:///C:/Users/MeghanaYalamanchali/codmieProjectCS/Meghana_CodeMie/selenium-tests/src/test/resources/features/EPMCDMETST-60027-inline-validation.feature:9)

  When I enter only a due date "2026-12-31" and submit the form                         # com.epam.todo.steps.InlineValidationSteps.iEnterOnlyDueDateAndSubmitForm(java.lang.String)
  Then the form is not submitted                                                        # com.epam.todo.steps.InlineValidationSteps.theFormIsNotSubmitted()
  And an inline error message "Task name is required." is shown for the task name field # com.epam.todo.steps.InlineValidationSteps.inlineErrorMessageIsShownForTaskNameField(java.lang.String)
  And no error message is shown for the due date field                                  # com.epam.todo.steps.InlineValidationSteps.noErrorMessageIsShownForDueDateField()
]]></system-out>
    <system-err><![CDATA[Aug 16, 2026 2:35:18 PM org.openqa.selenium.devtools.CdpVersionFinder findNearestMatch
WARNING: Unable to find CDP implementation matching 151
Aug 16, 2026 2:35:18 PM org.openqa.selenium.chromium.ChromiumDriver lambda$new$5
WARNING: Unable to find version of CDP to use for 151.0.7922.138. You may need to include a dependency on a specific version of the CDP using something similar to `org.seleniumhq.selenium:selenium-devtools-v86:4.18.1` where the version ("v86") matches the version of the chromium-based browser you're using and the version number of the artifact is the same as Selenium's.
]]></system-err>
  </testcase>
  <testcase name="SC03 - Submitting with only due date empty shows due date error" classname="EPMCDMETST-60027 Registered User: Inline form validation and accessible error messaging for Add Todo" time="2.541">
    <system-out><![CDATA[
@EPMCDMETST-60027 @validation
Scenario: SC03 - Submitting with only due date empty shows due date error             # src/test/resources/features/EPMCDMETST-60027-inline-validation.feature:31
  Given I am logged in as a registered user and viewing the todo dashboard            # com.epam.todo.steps.InlineValidationSteps.iAmLoggedInAsRegisteredUserAndViewingTheTodoDashboard()
  When I enter only a task name "Write unit tests" and submit the form                # com.epam.todo.steps.InlineValidationSteps.iEnterOnlyTaskNameAndSubmitForm(java.lang.String)
  Then the form is not submitted                                                      # com.epam.todo.steps.InlineValidationSteps.theFormIsNotSubmitted()
  And an inline error message "Due date is required." is shown for the due date field # com.epam.todo.steps.InlineValidationSteps.inlineErrorMessageIsShownForDueDateField(java.lang.String)
  And no error message is shown for the task name field                               # com.epam.todo.steps.InlineValidationSteps.noErrorMessageIsShownForTaskNameField()
]]></system-out>
    <system-err><![CDATA[Aug 16, 2026 2:35:20 PM org.openqa.selenium.devtools.CdpVersionFinder findNearestMatch
WARNING: Unable to find CDP implementation matching 151
Aug 16, 2026 2:35:20 PM org.openqa.selenium.chromium.ChromiumDriver lambda$new$5
WARNING: Unable to find version of CDP to use for 151.0.7922.138. You may need to include a dependency on a specific version of the CDP using something similar to `org.seleniumhq.selenium:selenium-devtools-v86:4.18.1` where the version ("v86") matches the version of the chromium-based browser you're using and the version number of the artifact is the same as Selenium's.
]]></system-err>
  </testcase>
  <testcase name="SC04 - Task name error disappears automatically when valid text is typed" classname="EPMCDMETST-60027 Registered User: Inline form validation and accessible error messaging for Add Todo" time="2.532">
    <system-out><![CDATA[
@EPMCDMETST-60027 @validation @clearing
Scenario: SC04 - Task name error disappears automatically when valid text is typed # src/test/resources/features/EPMCDMETST-60027-inline-validation.feature:42
  Given I am logged in as a registered user and viewing the todo dashboard         # com.epam.todo.steps.InlineValidationSteps.iAmLoggedInAsRegisteredUserAndViewingTheTodoDashboard()
  Given inline validation errors are visible on the Add Todo form                  # com.epam.todo.steps.InlineValidationSteps.inlineValidationErrorsAreVisibleOnTheAddTodoForm()
  When I type "Buy groceries" into the task name field                             # com.epam.todo.steps.InlineValidationSteps.iTypeIntoTaskNameField(java.lang.String)
  Then the task name error message disappears automatically                        # com.epam.todo.steps.InlineValidationSteps.theTaskNameErrorMessageDisappearsAutomatically()
]]></system-out>
    <system-err><![CDATA[Aug 16, 2026 2:35:22 PM org.openqa.selenium.devtools.CdpVersionFinder findNearestMatch
WARNING: Unable to find CDP implementation matching 151
Aug 16, 2026 2:35:22 PM org.openqa.selenium.chromium.ChromiumDriver lambda$new$5
WARNING: Unable to find version of CDP to use for 151.0.7922.138. You may need to include a dependency on a specific version of the CDP using something similar to `org.seleniumhq.selenium:selenium-devtools-v86:4.18.1` where the version ("v86") matches the version of the chromium-based browser you're using and the version number of the artifact is the same as Selenium's.
]]></system-err>
  </testcase>
  <testcase name="SC05 - Due date error disappears automatically when a date is selected" classname="EPMCDMETST-60027 Registered User: Inline form validation and accessible error messaging for Add Todo" time="1.938">
    <failure message="[Should be on the Todo Dashboard after login] &#10;Expecting value to be true but was false expected:&lt;[tru]e&gt; but was:&lt;[fals]e&gt;" type="org.junit.ComparisonFailure"><![CDATA[org.junit.ComparisonFailure: 
[Should be on the Todo Dashboard after login] 
Expecting value to be true but was false expected:<[tru]e> but was:<[fals]e>
	at java.base/jdk.internal.reflect.NativeConstructorAccessorImpl.newInstance0(Native Method)
	at java.base/jdk.internal.reflect.NativeConstructorAccessorImpl.newInstance(NativeConstructorAccessorImpl.java:77)
	at java.base/jdk.internal.reflect.DelegatingConstructorAccessorImpl.newInstance(DelegatingConstructorAccessorImpl.java:45)
	at java.base/java.lang.reflect.Constructor.newInstanceWithCaller(Constructor.java:500)
	at com.epam.todo.steps.InlineValidationSteps.iAmLoggedInAsRegisteredUserAndViewingTheTodoDashboard(InlineValidationSteps.java:52)
	at ✽.I am logged in as a registered user and viewing the todo dashboard(file:///C:/Users/MeghanaYalamanchali/codmieProjectCS/Meghana_CodeMie/selenium-tests/src/test/resources/features/EPMCDMETST-60027-inline-validation.feature:9)
]]></failure>
    <system-out><![CDATA[
@EPMCDMETST-60027 @validation @clearing
Scenario: SC05 - Due date error disappears automatically when a date is selected # src/test/resources/features/EPMCDMETST-60027-inline-validation.feature:48
  Given I am logged in as a registered user and viewing the todo dashboard       # com.epam.todo.steps.InlineValidationSteps.iAmLoggedInAsRegisteredUserAndViewingTheTodoDashboard()
      org.junit.ComparisonFailure: [Should be on the Todo Dashboard after login] 
Expecting value to be true but was false expected:<[tru]e> but was:<[fals]e>
	at java.base/jdk.internal.reflect.NativeConstructorAccessorImpl.newInstance0(Native Method)
	at java.base/jdk.internal.reflect.NativeConstructorAccessorImpl.newInstance(NativeConstructorAccessorImpl.java:77)
	at java.base/jdk.internal.reflect.DelegatingConstructorAccessorImpl.newInstance(DelegatingConstructorAccessorImpl.java:45)
	at java.base/java.lang.reflect.Constructor.newInstanceWithCaller(Constructor.java:500)
	at com.epam.todo.steps.InlineValidationSteps.iAmLoggedInAsRegisteredUserAndViewingTheTodoDashboard(InlineValidationSteps.java:52)
	at ✽.I am logged in as a registered user and viewing the todo dashboard(file:///C:/Users/MeghanaYalamanchali/codmieProjectCS/Meghana_CodeMie/selenium-tests/src/test/resources/features/EPMCDMETST-60027-inline-validation.feature:9)

  Given inline validation errors are visible on the Add Todo form                # com.epam.todo.steps.InlineValidationSteps.inlineValidationErrorsAreVisibleOnTheAddTodoForm()
  When I select "2026-12-31" as the due date                                     # com.epam.todo.steps.InlineValidationSteps.iSelectAsTheDueDate(java.lang.String)
  Then the due date error message disappears automatically                       # com.epam.todo.steps.InlineValidationSteps.theDueDateErrorMessageDisappearsAutomatically()
]]></system-out>
    <system-err><![CDATA[Aug 16, 2026 2:35:25 PM org.openqa.selenium.devtools.CdpVersionFinder findNearestMatch
WARNING: Unable to find CDP implementation matching 151
Aug 16, 2026 2:35:25 PM org.openqa.selenium.chromium.ChromiumDriver lambda$new$5
WARNING: Unable to find version of CDP to use for 151.0.7922.138. You may need to include a dependency on a specific version of the CDP using something similar to `org.seleniumhq.selenium:selenium-devtools-v86:4.18.1` where the version ("v86") matches the version of the chromium-based browser you're using and the version number of the artifact is the same as Selenium's.
]]></system-err>
  </testcase>
  <testcase name="SC06 - Form submits successfully when both required fields are provided" classname="EPMCDMETST-60027 Registered User: Inline form validation and accessible error messaging for Add Todo" time="2.955">
    <failure message="[Dashboard should still be visible after successful submission] &#10;Expecting value to be true but was false expected:&lt;[tru]e&gt; but was:&lt;[fals]e&gt;" type="org.junit.ComparisonFailure"><![CDATA[org.junit.ComparisonFailure: 
[Dashboard should still be visible after successful submission] 
Expecting value to be true but was false expected:<[tru]e> but was:<[fals]e>
	at java.base/jdk.internal.reflect.NativeConstructorAccessorImpl.newInstance0(Native Method)
	at java.base/jdk.internal.reflect.NativeConstructorAccessorImpl.newInstance(NativeConstructorAccessorImpl.java:77)
	at java.base/jdk.internal.reflect.DelegatingConstructorAccessorImpl.newInstance(DelegatingConstructorAccessorImpl.java:45)
	at java.base/java.lang.reflect.Constructor.newInstanceWithCaller(Constructor.java:500)
	at com.epam.todo.steps.InlineValidationSteps.theFormIsSubmittedSuccessfully(InlineValidationSteps.java:184)
	at ✽.the form is submitted successfully(file:///C:/Users/MeghanaYalamanchali/codmieProjectCS/Meghana_CodeMie/selenium-tests/src/test/resources/features/EPMCDMETST-60027-inline-validation.feature:57)
]]></failure>
    <system-out><![CDATA[
@EPMCDMETST-60027 @validation @happy-path
Scenario: SC06 - Form submits successfully when both required fields are provided # src/test/resources/features/EPMCDMETST-60027-inline-validation.feature:54
  Given I am logged in as a registered user and viewing the todo dashboard        # com.epam.todo.steps.InlineValidationSteps.iAmLoggedInAsRegisteredUserAndViewingTheTodoDashboard()
  When I enter task name "Complete test report" and due date "2026-12-31"         # com.epam.todo.steps.InlineValidationSteps.iEnterTaskNameAndDueDate(java.lang.String,java.lang.String)
  And I click the Add Todo submit button                                          # com.epam.todo.steps.InlineValidationSteps.iClickTheAddTodoSubmitButton()
  Then the form is submitted successfully                                         # com.epam.todo.steps.InlineValidationSteps.theFormIsSubmittedSuccessfully()
      org.junit.ComparisonFailure: [Dashboard should still be visible after successful submission] 
Expecting value to be true but was false expected:<[tru]e> but was:<[fals]e>
	at java.base/jdk.internal.reflect.NativeConstructorAccessorImpl.newInstance0(Native Method)
	at java.base/jdk.internal.reflect.NativeConstructorAccessorImpl.newInstance(NativeConstructorAccessorImpl.java:77)
	at java.base/jdk.internal.reflect.DelegatingConstructorAccessorImpl.newInstance(DelegatingConstructorAccessorImpl.java:45)
	at java.base/java.lang.reflect.Constructor.newInstanceWithCaller(Constructor.java:500)
	at com.epam.todo.steps.InlineValidationSteps.theFormIsSubmittedSuccessfully(InlineValidationSteps.java:184)
	at ✽.the form is submitted successfully(file:///C:/Users/MeghanaYalamanchali/codmieProjectCS/Meghana_CodeMie/selenium-tests/src/test/resources/features/EPMCDMETST-60027-inline-validation.feature:57)

]]></system-out>
    <system-err><![CDATA[Aug 16, 2026 2:35:27 PM org.openqa.selenium.devtools.CdpVersionFinder findNearestMatch
WARNING: Unable to find CDP implementation matching 151
Aug 16, 2026 2:35:27 PM org.openqa.selenium.chromium.ChromiumDriver lambda$new$5
WARNING: Unable to find version of CDP to use for 151.0.7922.138. You may need to include a dependency on a specific version of the CDP using something similar to `org.seleniumhq.selenium:selenium-devtools-v86:4.18.1` where the version ("v86") matches the version of the chromium-based browser you're using and the version number of the artifact is the same as Selenium's.
]]></system-err>
  </testcase>
  <testcase name="SC07 - Invalid inputs are marked with aria-invalid=&quot;true&quot; on submit" classname="EPMCDMETST-60027 Registered User: Inline form validation and accessible error messaging for Add Todo" time="2.631">
    <system-out><![CDATA[
@EPMCDMETST-60027 @accessibility
Scenario: SC07 - Invalid inputs are marked with aria-invalid="true" on submit # src/test/resources/features/EPMCDMETST-60027-inline-validation.feature:64
  Given I am logged in as a registered user and viewing the todo dashboard    # com.epam.todo.steps.InlineValidationSteps.iAmLoggedInAsRegisteredUserAndViewingTheTodoDashboard()
  When I submit the Add Todo form with both fields empty                      # com.epam.todo.steps.InlineValidationSteps.iSubmitFormWithBothFieldsEmpty()
  Then the task name input has aria-invalid attribute set to "true"           # com.epam.todo.steps.InlineValidationSteps.taskNameInputHasAriaInvalidAttributeSetTo(java.lang.String)
  And the due date input has aria-invalid attribute set to "true"             # com.epam.todo.steps.InlineValidationSteps.dueDateInputHasAriaInvalidAttributeSetTo(java.lang.String)
]]></system-out>
    <system-err><![CDATA[Aug 16, 2026 2:35:30 PM org.openqa.selenium.devtools.CdpVersionFinder findNearestMatch
WARNING: Unable to find CDP implementation matching 151
Aug 16, 2026 2:35:30 PM org.openqa.selenium.chromium.ChromiumDriver lambda$new$5
WARNING: Unable to find version of CDP to use for 151.0.7922.138. You may need to include a dependency on a specific version of the CDP using something similar to `org.seleniumhq.selenium:selenium-devtools-v86:4.18.1` where the version ("v86") matches the version of the chromium-based browser you're using and the version number of the artifact is the same as Selenium's.
]]></system-err>
  </testcase>
  <testcase name="SC08 - Each input is programmatically associated with its error via aria-describedby" classname="EPMCDMETST-60027 Registered User: Inline form validation and accessible error messaging for Add Todo" time="2.549">
    <system-out><![CDATA[
@EPMCDMETST-60027 @accessibility
Scenario: SC08 - Each input is programmatically associated with its error via aria-describedby # src/test/resources/features/EPMCDMETST-60027-inline-validation.feature:70
  Given I am logged in as a registered user and viewing the todo dashboard                     # com.epam.todo.steps.InlineValidationSteps.iAmLoggedInAsRegisteredUserAndViewingTheTodoDashboard()
  Then the task name input has aria-describedby referencing id "taskName-error"                # com.epam.todo.steps.InlineValidationSteps.taskNameInputHasAriaDescribedByReferencingId(java.lang.String)
  And the due date input has aria-describedby referencing id "duedate-error"                   # com.epam.todo.steps.InlineValidationSteps.dueDateInputHasAriaDescribedByReferencingId(java.lang.String)
]]></system-out>
    <system-err><![CDATA[Aug 16, 2026 2:35:33 PM org.openqa.selenium.devtools.CdpVersionFinder findNearestMatch
WARNING: Unable to find CDP implementation matching 151
Aug 16, 2026 2:35:33 PM org.openqa.selenium.chromium.ChromiumDriver lambda$new$5
WARNING: Unable to find version of CDP to use for 151.0.7922.138. You may need to include a dependency on a specific version of the CDP using something similar to `org.seleniumhq.selenium:selenium-devtools-v86:4.18.1` where the version ("v86") matches the version of the chromium-based browser you're using and the version number of the artifact is the same as Selenium's.
]]></system-err>
  </testcase>
  <testcase name="SC09 - A live region announces form errors to assistive technology" classname="EPMCDMETST-60027 Registered User: Inline form validation and accessible error messaging for Add Todo" time="2.525">
    <system-out><![CDATA[
@EPMCDMETST-60027 @accessibility
Scenario: SC09 - A live region announces form errors to assistive technology # src/test/resources/features/EPMCDMETST-60027-inline-validation.feature:75
  Given I am logged in as a registered user and viewing the todo dashboard   # com.epam.todo.steps.InlineValidationSteps.iAmLoggedInAsRegisteredUserAndViewingTheTodoDashboard()
  When I submit the Add Todo form with both fields empty                     # com.epam.todo.steps.InlineValidationSteps.iSubmitFormWithBothFieldsEmpty()
  Then the error summary element has an aria-live attribute                  # com.epam.todo.steps.InlineValidationSteps.theErrorSummaryElementHasAnAriaLiveAttribute()
  And the error summary element announces the validation errors              # com.epam.todo.steps.InlineValidationSteps.theErrorSummaryElementAnnouncesTheValidationErrors()
  And the error summary element has role "status"                            # com.epam.todo.steps.InlineValidationSteps.theErrorSummaryElementHasRole(java.lang.String)
]]></system-out>
    <system-err><![CDATA[Aug 16, 2026 2:35:35 PM org.openqa.selenium.devtools.CdpVersionFinder findNearestMatch
WARNING: Unable to find CDP implementation matching 151
Aug 16, 2026 2:35:35 PM org.openqa.selenium.chromium.ChromiumDriver lambda$new$5
WARNING: Unable to find version of CDP to use for 151.0.7922.138. You may need to include a dependency on a specific version of the CDP using something similar to `org.seleniumhq.selenium:selenium-devtools-v86:4.18.1` where the version ("v86") matches the version of the chromium-based browser you're using and the version number of the artifact is the same as Selenium's.
]]></system-err>
  </testcase>
</testsuite>